[INFO ] 2019-02-19 19:40:30.597 [main] Bank - Admin logged in.
[INFO ] 2019-02-19 19:40:32.994 [main] Bank - Admin logged out.
[INFO ] 2019-02-19 19:41:38.247 [main] Bank - Admin logged in.
[INFO ] 2019-02-19 19:41:44.015 [main] Bank - Admin logged out.
[INFO ] 2019-02-19 19:43:06.794 [main] Bank - Admin logged in.
[INFO ] 2019-02-19 19:43:27.731 [main] Bank - Admin logged out.
[INFO ] 2019-02-19 22:34:33.304 [main] Bank - Admin logged in.
[INFO ] 2019-02-19 22:34:56.604 [main] Bank - Admin logged out.
[INFO ] 2019-02-19 22:35:55.680 [main] Bank - Marx submitted an application for an account.
[INFO ] 2019-02-19 22:38:08.124 [main] Bank - Erix submitted an application for an account.
[INFO ] 2019-02-19 22:38:23.566 [main] Bank - Admin logged in.
[INFO ] 2019-02-19 22:38:51.074 [main] Bank - Admin depositted $100.0 into Marx's account.
[INFO ] 2019-02-19 22:40:08.523 [main] Bank - Admin logged out.
[INFO ] 2019-02-19 22:42:04.301 [main] Bank - Admin logged in.
[INFO ] 2019-02-19 22:42:06.266 [main] Bank - Admin logged out.
[INFO ] 2019-02-19 22:42:49.949 [main] Bank - Elivenor submitted an application for an account.
[INFO ] 2019-02-19 22:42:55.233 [main] Bank - Admin logged in.
[INFO ] 2019-02-19 22:43:02.577 [main] Bank - Admin logged out.
[INFO ] 2019-02-19 22:45:39.663 [main] Bank - Erix logged in.
[INFO ] 2019-02-19 22:45:55.234 [main] Bank - Erix logged out.
[INFO ] 2019-02-19 22:47:19.490 [main] Bank - Admin logged in.
[INFO ] 2019-02-19 22:47:22.430 [main] Bank - Admin logged out.
