[DEBUG] 2019-02-20 01:28:58.393 [main] App - debug
[INFO ] 2019-02-20 01:28:58.400 [main] App - info
[WARN ] 2019-02-20 01:28:58.402 [main] App - warn
[ERROR] 2019-02-20 01:28:58.402 [main] App - error
[INFO ] 2019-02-20 01:30:29.553 [main] LogonAttempt - Admin
[INFO ] 2019-02-20 01:41:32.372 [main] LogonAttempt - Admin
[INFO ] 2019-02-20 01:41:57.130 [main] AdminAccess - 2's account balance changed by $-9000 by USER 3
[INFO ] 2019-02-20 01:44:52.256 [main] LogonAttempt - Admin
[INFO ] 2019-02-20 02:27:39.253 [main] LogonAttempt - DUMMY
[INFO ] 2019-02-20 03:18:50.438 [main] LogonAttempt - Admin
[INFO ] 2019-02-20 03:18:58.492 [main] LogonAttempt - Austin
[INFO ] 2019-02-20 03:20:00.554 [main] LogonAttempt - Austin
[INFO ] 2019-02-20 03:20:58.986 [main] LogonAttempt - Austin
[INFO ] 2019-02-20 03:23:01.823 [main] LogonAttempt - Austin
[INFO ] 2019-02-20 09:35:37.978 [main] newCustomer - Application for account made by nullname nullname
[INFO ] 2019-02-20 09:36:20.483 [main] LogonAttempt - Austin
[INFO ] 2019-02-20 09:37:25.278 [main] EmployeeAccess - 45's application approved by USER 1
[INFO ] 2019-02-20 09:37:56.554 [main] LogonAttempt - Admin
[INFO ] 2019-02-20 09:38:43.565 [main] AdminAccess - 13 password changed by 3
[INFO ] 2019-02-20 09:39:00.968 [main] LogonAttempt - JavaJoe
