2019-02-25 11:35:38 INFO  CustomerController:265 - CUSTOMER 681059278 created
2019-02-25 11:35:49 INFO  CustomerController:133 - CUSTOMER 681059278 logged in
2019-02-25 11:38:59 INFO  AccountController:237 - CUSTOMER 681059278 opened ACCOUNT 960673369
2019-02-25 11:39:42 INFO  CustomerController:334 - CUSTOMER 681059278 logged out
2019-02-25 11:43:22 INFO  EmployeeController:229 - EMPLOYEE 299961836 created
2019-02-25 11:43:29 INFO  EmployeeController:124 - EMPLOYEE 299961836 logged in
2019-02-25 11:44:43 INFO  EmployeeController:284 - EMPLOYEE 299961836 logged out
2019-02-25 11:44:53 INFO  CustomerController:133 - CUSTOMER 681059278 logged in
2019-02-25 11:45:00 INFO  CustomerController:334 - CUSTOMER 681059278 logged out
2019-02-25 11:45:09 INFO  EmployeeController:124 - EMPLOYEE 299961836 logged in
2019-02-25 11:45:15 INFO  EmployeeController:284 - EMPLOYEE 299961836 logged out
2019-02-25 11:45:25 INFO  CustomerController:133 - CUSTOMER 681059278 logged in
2019-02-25 11:47:08 INFO  CustomerController:334 - CUSTOMER 681059278 logged out
2019-02-25 14:47:20 INFO  CustomerController:273 - CUSTOMER 590685723 created
2019-02-25 14:47:58 INFO  CustomerController:135 - CUSTOMER 681059278 logged in
2019-02-25 14:48:00 INFO  CustomerController:341 - CUSTOMER 681059278 logged out
2019-02-25 14:48:35 INFO  CustomerController:273 - CUSTOMER 802560095 created
2019-02-25 14:49:10 INFO  CustomerController:273 - CUSTOMER 277720457 created
2019-02-25 14:54:40 INFO  CustomerController:273 - CUSTOMER 575551472 created
2019-02-25 14:56:43 INFO  CustomerController:273 - CUSTOMER 481087817 created
2019-02-25 15:04:55 INFO  CustomerController:273 - CUSTOMER 597600750 created
2019-02-25 15:06:08 INFO  CustomerController:273 - CUSTOMER 910646104 created
2019-02-25 15:07:21 INFO  CustomerController:273 - CUSTOMER 690057455 created
2019-02-25 15:13:00 INFO  CustomerController:273 - CUSTOMER 819174508 created
2019-02-25 15:21:26 INFO  CustomerController:254 - CUSTOMER 240506153 created
2019-02-25 15:23:54 INFO  CustomerController:254 - CUSTOMER 248040383 created
2019-02-25 15:30:23 INFO  CustomerController:254 - CUSTOMER 986978176 created
2019-02-25 15:48:25 INFO  CustomerController:254 - CUSTOMER 841627494 created
2019-02-25 16:07:43 INFO  CustomerController:148 - CUSTOMER 841627494 logged in
2019-02-25 18:12:47 INFO  CustomerController:148 - CUSTOMER 841627494 logged in
2019-02-25 19:53:16 INFO  EmployeeController:237 - EMPLOYEE 381662236 created
2019-02-25 19:54:24 INFO  EmployeeController:237 - EMPLOYEE 370631907 created
2019-02-25 19:54:29 INFO  EmployeeController:138 - EMPLOYEE 370631907 logged in
2019-02-25 19:55:16 INFO  EmployeeController:292 - EMPLOYEE 370631907 logged out
2019-02-25 19:55:58 INFO  CustomerController:263 - CUSTOMER 123930748 created
2019-02-25 19:56:06 INFO  CustomerController:148 - CUSTOMER 123930748 logged in
2019-02-25 20:01:29 INFO  CustomerController:323 - CUSTOMER 123930748 logged out
2019-02-25 20:01:48 INFO  EmployeeController:237 - EMPLOYEE 475465734 created
2019-02-25 20:01:53 INFO  EmployeeController:138 - EMPLOYEE 475465734 logged in
2019-02-25 20:01:59 INFO  EmployeeController:292 - EMPLOYEE 475465734 logged out
2019-02-25 21:28:51 INFO  CustomerController:148 - CUSTOMER 123930748 logged in
2019-02-25 21:29:02 INFO  AccountController:252 - CUSTOMER 123930748 opened ACCOUNT 135117986
2019-02-25 21:29:30 INFO  CustomerController:323 - CUSTOMER 123930748 logged out
2019-02-25 21:42:10 INFO  CustomerController:148 - CUSTOMER 123930748 logged in
2019-02-25 21:42:17 INFO  AccountController:252 - CUSTOMER 123930748 opened ACCOUNT 812147418
2019-02-25 21:42:25 INFO  CustomerController:323 - CUSTOMER 123930748 logged out
2019-02-25 22:07:20 INFO  CustomerController:148 - CUSTOMER 123930748 logged in
2019-02-25 22:19:17 INFO  CustomerController:323 - CUSTOMER 123930748 logged out
2019-02-26 09:44:28 INFO  CustomerController:148 - CUSTOMER 123930748 logged in
2019-02-26 09:44:55 INFO  CustomerController:323 - CUSTOMER 123930748 logged out
2019-02-26 10:21:58 INFO  CustomerController:148 - CUSTOMER 123930748 logged in
2019-02-26 10:24:20 INFO  CustomerController:148 - CUSTOMER 123930748 logged in
2019-02-26 10:26:11 INFO  CustomerController:148 - CUSTOMER 123930748 logged in
2019-02-26 10:26:31 INFO  CustomerController:148 - CUSTOMER 123930748 logged in
2019-02-26 10:27:03 INFO  CustomerController:323 - CUSTOMER 123930748 logged out
2019-02-26 10:30:40 INFO  EmployeeController:138 - EMPLOYEE 370631907 logged in
2019-02-26 10:31:28 INFO  EmployeeController:292 - EMPLOYEE 370631907 logged out
2019-02-26 10:31:36 INFO  CustomerController:148 - CUSTOMER 123930748 logged in
2019-02-26 10:51:46 INFO  EmployeeController:139 - EMPLOYEE 370631907 logged in
2019-02-26 10:52:19 INFO  EmployeeController:293 - EMPLOYEE 370631907 logged out
2019-02-26 10:52:31 INFO  CustomerController:148 - CUSTOMER 123930748 logged in
2019-02-26 10:52:49 INFO  AccountController:136 - DEPOSIT (135117986): $100.00
2019-02-26 10:55:24 INFO  CustomerController:148 - CUSTOMER 123930748 logged in
2019-02-26 10:55:33 INFO  AccountController:136 - DEPOSIT (135117986): $100.00
2019-02-26 10:56:21 INFO  AccountController:206 - TRANSFER from 135117986 to 812147418 $50.00
2019-02-26 10:58:20 INFO  CustomerController:148 - CUSTOMER 123930748 logged in
2019-02-26 10:58:37 INFO  AccountController:136 - DEPOSIT (135117986): $50.00
2019-02-26 10:58:56 INFO  AccountController:136 - DEPOSIT (812147418): $50.00
2019-02-26 10:59:19 INFO  AccountController:167 - WITHDRAW (812147418): $50.00
2019-02-26 11:29:11 INFO  CustomerController:148 - CUSTOMER 123930748 logged in
2019-02-26 11:30:59 INFO  AccountController:208 - TRANSFER from 812147418 to 135117986 $100.00
2019-02-26 11:32:12 INFO  AccountController:136 - DEPOSIT (812147418): $100.00
2019-02-26 11:33:13 INFO  CustomerController:323 - CUSTOMER 123930748 logged out
2019-02-26 11:38:05 INFO  CustomerController:148 - CUSTOMER 123930748 logged in
2019-02-26 11:39:10 INFO  AccountController:208 - TRANSFER from 135117986 to 812147418 $100.00
2019-02-26 11:39:34 INFO  CustomerController:323 - CUSTOMER 123930748 logged out
2019-02-26 11:44:24 INFO  EmployeeController:139 - EMPLOYEE 370631907 logged in
2019-02-26 11:49:16 INFO  EmployeeController:139 - EMPLOYEE 370631907 logged in
2019-02-26 11:51:02 INFO  EmployeeController:139 - EMPLOYEE 370631907 logged in
2019-02-26 11:51:31 INFO  EmployeeController:293 - EMPLOYEE 370631907 logged out
2019-02-26 11:51:39 INFO  CustomerController:148 - CUSTOMER 123930748 logged in
2019-02-26 11:52:01 INFO  AccountController:208 - TRANSFER from 135117986 to 812147418 $200.00
2019-02-26 11:52:18 INFO  CustomerController:323 - CUSTOMER 123930748 logged out
2019-02-26 11:52:25 INFO  CustomerController:148 - CUSTOMER 123930748 logged in
2019-02-26 12:28:57 INFO  AccountController:167 - WITHDRAW (135117986): $400.00
2019-02-26 12:29:09 INFO  CustomerController:323 - CUSTOMER 123930748 logged out
2019-02-26 12:29:16 INFO  CustomerController:148 - CUSTOMER 123930748 logged in
2019-02-26 12:31:55 INFO  AccountController:136 - DEPOSIT (135117986): $100.00
2019-02-26 12:40:44 INFO  CustomerController:148 - CUSTOMER 123930748 logged in
2019-02-26 12:41:12 INFO  AccountController:208 - TRANSFER from 135117986 to 812147418 $100.00
2019-02-26 12:41:34 INFO  CustomerController:323 - CUSTOMER 123930748 logged out
2019-02-26 12:49:13 INFO  EmployeeController:139 - EMPLOYEE 475465734 logged in
2019-02-26 12:49:40 INFO  AccountController:167 - WITHDRAW (812147418): $200.00
2019-02-26 12:50:00 INFO  EmployeeController:293 - EMPLOYEE 475465734 logged out
2019-02-26 12:50:08 INFO  CustomerController:148 - CUSTOMER 123930748 logged in
2019-02-26 12:50:18 INFO  CustomerController:323 - CUSTOMER 123930748 logged out
2019-02-26 13:22:41 INFO  CustomerController:148 - CUSTOMER 123930748 logged in
2019-02-26 13:26:04 INFO  CustomerController:323 - CUSTOMER 123930748 logged out
2019-02-26 13:26:10 INFO  CustomerController:148 - CUSTOMER 841627494 logged in
2019-02-26 13:27:33 INFO  CustomerController:148 - CUSTOMER 841627494 logged in
2019-02-26 13:28:44 INFO  CustomerController:323 - CUSTOMER 841627494 logged out
2019-02-26 13:28:50 INFO  CustomerController:148 - CUSTOMER 123930748 logged in
2019-02-26 13:28:56 INFO  CustomerController:323 - CUSTOMER 123930748 logged out
2019-02-26 13:29:18 INFO  CustomerController:148 - CUSTOMER 841627494 logged in
2019-02-26 13:29:25 INFO  AccountController:243 - CUSTOMERS 841627494, 123930748 opened ACCOUNT 250672147
2019-02-26 13:29:29 INFO  AccountController:270 - CUSTOMER 841627494 opened ACCOUNT 239825548
2019-02-26 13:30:54 INFO  CustomerController:323 - CUSTOMER 841627494 logged out
2019-02-26 13:39:44 INFO  CustomerController:148 - CUSTOMER 123930748 logged in
2019-02-26 13:40:00 INFO  CustomerController:323 - CUSTOMER 123930748 logged out
2019-02-26 13:40:06 INFO  CustomerController:148 - CUSTOMER 841627494 logged in
2019-02-26 13:40:14 INFO  AccountController:243 - CUSTOMERS 841627494, 123930748 opened ACCOUNT 340227497
2019-02-26 13:40:29 INFO  CustomerController:323 - CUSTOMER 841627494 logged out
2019-02-26 13:40:36 INFO  CustomerController:148 - CUSTOMER 123930748 logged in
2019-02-26 13:41:02 INFO  CustomerController:323 - CUSTOMER 123930748 logged out
2019-02-26 13:41:15 INFO  EmployeeController:139 - EMPLOYEE 370631907 logged in
2019-02-26 13:41:21 INFO  EmployeeController:293 - EMPLOYEE 370631907 logged out
2019-02-26 13:41:31 INFO  CustomerController:148 - CUSTOMER 123930748 logged in
2019-02-26 13:41:47 INFO  AccountController:134 - DEPOSIT (340227497): $100.00
2019-02-26 13:41:52 INFO  CustomerController:323 - CUSTOMER 123930748 logged out
2019-02-26 13:41:58 INFO  CustomerController:148 - CUSTOMER 841627494 logged in
2019-02-26 13:42:56 INFO  CustomerController:323 - CUSTOMER 841627494 logged out
2019-02-26 13:43:07 INFO  EmployeeController:139 - EMPLOYEE 475465734 logged in
2019-02-26 13:44:09 INFO  EmployeeController:293 - EMPLOYEE 475465734 logged out
2019-02-26 15:09:52 INFO  CustomerController:148 - CUSTOMER 123930748 logged in
2019-02-26 15:10:36 INFO  CustomerController:323 - CUSTOMER 123930748 logged out
2019-02-26 15:13:30 INFO  EmployeeController:139 - EMPLOYEE 475465734 logged in
2019-02-26 15:15:16 INFO  EmployeeController:293 - EMPLOYEE 475465734 logged out
2019-02-26 15:15:34 INFO  EmployeeController:139 - EMPLOYEE 370631907 logged in
2019-02-26 15:15:52 INFO  EmployeeController:292 - EMPLOYEE 370631907 logged out
